<?xml version="1.0" encoding="UTF-8"?>
<testng-results skipped="0" failed="0" ignored="0" total="1" passed="1">
  <reporter-output>
  </reporter-output>
  <suite name="Suite" duration-ms="146631" started-at="2019-09-06T11:41:29Z" finished-at="2019-09-06T11:43:56Z">
    <groups>
    </groups>
    <test name="Test" duration-ms="146631" started-at="2019-09-06T11:41:29Z" finished-at="2019-09-06T11:43:56Z">
      <class name="com.automation.upd.tests.PolicyStagingTest">
        <test-method status="PASS" signature="loginTest()[pri:0, instance:com.automation.upd.tests.PolicyStagingTest@26653222]" name="loginTest" duration-ms="146590" started-at="2019-09-06T11:41:29Z" finished-at="2019-09-06T11:43:56Z">
          <reporter-output>
          </reporter-output>
        </test-method> <!-- loginTest -->
      </class> <!-- com.automation.upd.tests.PolicyStagingTest -->
    </test> <!-- Test -->
  </suite> <!-- Suite -->
</testng-results>
